https://dvwa.co.uk/
http://dvwa.co.uk/checkout.html
http://dvwa.co.uk
http://dvwa.co.uk/catalog.html
http://dvwa.co.uk/methenolone-enanthate-for-sale-uk.html
http://dvwa.co.uk/methandrostenolone-for-sale-uk.html
http://dvwa.co.uk/novorapid-insulin-price.html
http://dvwa.co.uk/somatropin-hgh-for-sale.html
http://dvwa.co.uk/buy-restylane-online-in-uk.html
http://dvwa.co.uk/buy-jintropin-in-uk.html
http://dvwa.co.uk/arimidex-for-sale.html
http://dvwa.co.uk/andriol-testocaps-price.html
http://dvwa.co.uk/where-to-buy-insulin-online.html
http://dvwa.co.uk/hgh-for-sale-uk.html
http://dvwa.co.uk/lantus-insulin-price.html
http://dvwa.co.uk/stanozolin-for-sale-uk.html
http://dvwa.co.uk/clomiphene-for-sale-uk.html
http://dvwa.co.uk/sustaver-for-sale-uk.html
http://dvwa.co.uk/testosterone-cypionate-for-sale-uk.html
http://dvwa.co.uk/testover-for-sale-uk.html
http://dvwa.co.uk/where-to-get-anabolic-steroids-in-uk.html
http://dvwa.co.uk/steroid-uk-1.html
http://dvwa.co.uk/steroid-uk-2.html
http://dvwa.co.uk/steroid-uk-3.html
http://dvwa.co.uk/steroid-uk-4.html
http://dvwa.co.uk/steroid-uk-5.html
http://dvwa.co.uk/steroid-uk-6.html

